# JRE version: Java(TM) SE Runtime Environment (17.0.10+11) (build 17.0.10+11-LTS-240)
# Java VM: Java HotSpot(TM) 64-Bit Server VM (17.0.10+11-LTS-240, mixed mode, sharing, tiered, compressed oops, compressed class ptrs, g1 gc, windows-amd64)
GC Precious Log:
 CPUs: 8 total, 8 available
 Memory: 7987M
 Large Page Support: Disabled
 NUMA Support: Disabled
 Compressed Oops: Enabled (32-bit)
 Heap Region Size: 1M
 Heap Min Capacity: 8M
 Heap Initial Capacity: 126M
 Heap Max Capacity: 2G
 Pre-touch: Disabled
 Parallel Workers: 8
 Concurrent Workers: 2
 Concurrent Refinement Workers: 8
 Periodic GC: Disabled
Heap:
 garbage-first heap   total 92160K, used 57863K [0x0000000080000000, 0x0000000100000000)
  region size 1024K, 22 young (22528K), 4 survivors (4096K)
 Metaspace       used 50325K, committed 50880K, reserved 491520K
  class space    used 7053K, committed 7296K, reserved 425984K
GC Heap History (20 events):
Event: 4.648 GC heap before
{Heap before GC invocations=2 (full 0):
 garbage-first heap   total 129024K, used 59722K [0x0000000080000000, 0x0000000100000000)
  region size 1024K, 48 young (49152K), 4 survivors (4096K)
 Metaspace       used 4982K, committed 5184K, reserved 491520K
  class space    used 647K, committed 768K, reserved 425984K
}
Event: 4.655 GC heap after
{Heap after GC invocations=3 (full 0):
 garbage-first heap   total 129024K, used 17768K [0x0000000080000000, 0x0000000100000000)
  region size 1024K, 6 young (6144K), 6 survivors (6144K)
 Metaspace       used 4982K, committed 5184K, reserved 491520K
  class space    used 647K, committed 768K, reserved 425984K
}
Event: 8.740 GC heap before
{Heap before GC invocations=3 (full 0):
 garbage-first heap   total 129024K, used 88424K [0x0000000080000000, 0x0000000100000000)
  region size 1024K, 75 young (76800K), 6 survivors (6144K)
 Metaspace       used 17489K, committed 17792K, reserved 491520K
  class space    used 2499K, committed 2624K, reserved 425984K
}
Event: 8.759 GC heap after
{Heap after GC invocations=4 (full 0):
 garbage-first heap   total 129024K, used 23271K [0x0000000080000000, 0x0000000100000000)
  region size 1024K, 10 young (10240K), 10 survivors (10240K)
 Metaspace       used 17489K, committed 17792K, reserved 491520K
  class space    used 2499K, committed 2624K, reserved 425984K
}
Event: 11.178 GC heap before
{Heap before GC invocations=4 (full 0):
 garbage-first heap   total 129024K, used 55015K [0x0000000080000000, 0x0000000100000000)
  region size 1024K, 42 young (43008K), 10 survivors (10240K)
 Metaspace       used 21178K, committed 21504K, reserved 491520K
  class space    used 3086K, committed 3264K, reserved 425984K
}
Event: 11.188 GC heap after
{Heap after GC invocations=5 (full 0):
 garbage-first heap   total 129024K, used 25507K [0x0000000080000000, 0x0000000100000000)
  region size 1024K, 3 young (3072K), 3 survivors (3072K)
 Metaspace       used 21178K, committed 21504K, reserved 491520K
  class space    used 3086K, committed 3264K, reserved 425984K
}
Event: 14.544 GC heap before
{Heap before GC invocations=6 (full 0):
 garbage-first heap   total 92160K, used 77731K [0x0000000080000000, 0x0000000100000000)
  region size 1024K, 54 young (55296K), 3 survivors (3072K)
 Metaspace       used 27723K, committed 28160K, reserved 491520K
  class space    used 4107K, committed 4288K, reserved 425984K
}
Event: 14.549 GC heap after
{Heap after GC invocations=7 (full 0):
 garbage-first heap   total 92160K, used 27299K [0x0000000080000000, 0x0000000100000000)
  region size 1024K, 5 young (5120K), 5 survivors (5120K)
 Metaspace       used 27723K, committed 28160K, reserved 491520K
  class space    used 4107K, committed 4288K, reserved 425984K
}
Event: 17.673 GC heap before
{Heap before GC invocations=7 (full 0):
 garbage-first heap   total 92160K, used 69283K [0x0000000080000000, 0x0000000100000000)
  region size 1024K, 47 young (48128K), 5 survivors (5120K)
 Metaspace       used 34233K, committed 34688K, reserved 491520K
  class space    used 4862K, committed 5056K, reserved 425984K
}
Event: 17.684 GC heap after
{Heap after GC invocations=8 (full 0):
 garbage-first heap   total 92160K, used 31891K [0x0000000080000000, 0x0000000100000000)
  region size 1024K, 6 young (6144K), 6 survivors (6144K)
 Metaspace       used 34233K, committed 34688K, reserved 491520K
  class space    used 4862K, committed 5056K, reserved 425984K
}
Event: 18.788 GC heap before
{Heap before GC invocations=8 (full 0):
 garbage-first heap   total 92160K, used 53395K [0x0000000080000000, 0x0000000100000000)
  region size 1024K, 24 young (24576K), 6 survivors (6144K)
 Metaspace       used 35530K, committed 35968K, reserved 491520K
  class space    used 4947K, committed 5184K, reserved 425984K
}
Event: 18.796 GC heap after
{Heap after GC invocations=9 (full 0):
 garbage-first heap   total 92160K, used 33994K [0x0000000080000000, 0x0000000100000000)
  region size 1024K, 3 young (3072K), 3 survivors (3072K)
 Metaspace       used 35530K, committed 35968K, reserved 491520K
  class space    used 4947K, committed 5184K, reserved 425984K
}
Event: 20.591 GC heap before
{Heap before GC invocations=10 (full 0):
 garbage-first heap   total 92160K, used 69834K [0x0000000080000000, 0x0000000100000000)
  region size 1024K, 38 young (38912K), 3 survivors (3072K)
 Metaspace       used 37806K, committed 38272K, reserved 491520K
  class space    used 5293K, committed 5504K, reserved 425984K
}
Event: 20.596 GC heap after
{Heap after GC invocations=11 (full 0):
 garbage-first heap   total 92160K, used 35563K [0x0000000080000000, 0x0000000100000000)
  region size 1024K, 4 young (4096K), 4 survivors (4096K)
 Metaspace       used 37806K, committed 38272K, reserved 491520K
  class space    used 5293K, committed 5504K, reserved 425984K
}
Event: 22.221 GC heap before
{Heap before GC invocations=11 (full 0):
 garbage-first heap   total 92160K, used 71403K [0x0000000080000000, 0x0000000100000000)
  region size 1024K, 39 young (39936K), 4 survivors (4096K)
 Metaspace       used 40502K, committed 41024K, reserved 491520K
  class space    used 5711K, committed 5952K, reserved 425984K
}
Event: 22.227 GC heap after
{Heap after GC invocations=12 (full 0):
 garbage-first heap   total 92160K, used 37348K [0x0000000080000000, 0x0000000100000000)
  region size 1024K, 4 young (4096K), 4 survivors (4096K)
 Metaspace       used 40502K, committed 41024K, reserved 491520K
  class space    used 5711K, committed 5952K, reserved 425984K
}
Event: 25.680 GC heap before
{Heap before GC invocations=12 (full 0):
 garbage-first heap   total 92160K, used 72164K [0x0000000080000000, 0x0000000100000000)
  region size 1024K, 38 young (38912K), 4 survivors (4096K)
 Metaspace       used 43800K, committed 44416K, reserved 491520K
  class space    used 6250K, committed 6528K, reserved 425984K
}
Event: 25.686 GC heap after
{Heap after GC invocations=13 (full 0):
 garbage-first heap   total 92160K, used 39595K [0x0000000080000000, 0x0000000100000000)
  region size 1024K, 5 young (5120K), 5 survivors (5120K)
 Metaspace       used 43800K, committed 44416K, reserved 491520K
  class space    used 6250K, committed 6528K, reserved 425984K
}
Event: 27.263 GC heap before
{Heap before GC invocations=13 (full 0):
 garbage-first heap   total 92160K, used 74411K [0x0000000080000000, 0x0000000100000000)
  region size 1024K, 37 young (37888K), 5 survivors (5120K)
 Metaspace       used 48109K, committed 48640K, reserved 491520K
  class space    used 6725K, committed 6976K, reserved 425984K
}
Event: 27.268 GC heap after
{Heap after GC invocations=14 (full 0):
 garbage-first heap   total 92160K, used 40455K [0x0000000080000000, 0x0000000100000000)
  region size 1024K, 4 young (4096K), 4 survivors (4096K)
 Metaspace       used 48109K, committed 48640K, reserved 491520K
  class space    used 6725K, committed 6976K, reserved 425984K
}

