# JRE version: Java(TM) SE Runtime Environment (17.0.10+11) (build 17.0.10+11-LTS-240)
# Java VM: Java HotSpot(TM) 64-Bit Server VM (17.0.10+11-LTS-240, mixed mode, sharing, tiered, compressed oops, compressed class ptrs, g1 gc, windows-amd64)
GC Precious Log:
 CPUs: 8 total, 8 available
 Memory: 7987M
 Large Page Support: Disabled
 NUMA Support: Disabled
 Compressed Oops: Enabled (32-bit)
 Heap Region Size: 1M
 Heap Min Capacity: 8M
 Heap Initial Capacity: 126M
 Heap Max Capacity: 1998M
 Pre-touch: Disabled
 Parallel Workers: 8
 Concurrent Workers: 2
 Concurrent Refinement Workers: 8
 Periodic GC: Disabled
Heap:
 garbage-first heap   total 334848K, used 196371K [0x0000000083200000, 0x0000000100000000)
  region size 1024K, 116 young (118784K), 4 survivors (4096K)
 Metaspace       used 56166K, committed 56448K, reserved 1114112K
  class space    used 6296K, committed 6464K, reserved 1048576K
GC Heap History (20 events):
Event: 26.596 GC heap before
{Heap before GC invocations=20 (full 0):
 garbage-first heap   total 102400K, used 73134K [0x0000000083200000, 0x0000000100000000)
  region size 1024K, 18 young (18432K), 3 survivors (3072K)
 Metaspace       used 47548K, committed 47872K, reserved 1114112K
  class space    used 5592K, committed 5760K, reserved 1048576K
}
Event: 26.610 GC heap after
{Heap after GC invocations=21 (full 0):
 garbage-first heap   total 102400K, used 60817K [0x0000000083200000, 0x0000000100000000)
  region size 1024K, 3 young (3072K), 3 survivors (3072K)
 Metaspace       used 47548K, committed 47872K, reserved 1114112K
  class space    used 5592K, committed 5760K, reserved 1048576K
}
Event: 26.866 GC heap before
{Heap before GC invocations=21 (full 0):
 garbage-first heap   total 102400K, used 81297K [0x0000000083200000, 0x0000000100000000)
  region size 1024K, 23 young (23552K), 3 survivors (3072K)
 Metaspace       used 47636K, committed 47936K, reserved 1114112K
  class space    used 5593K, committed 5760K, reserved 1048576K
}
Event: 26.884 GC heap after
{Heap after GC invocations=22 (full 0):
 garbage-first heap   total 134144K, used 64106K [0x0000000083200000, 0x0000000100000000)
  region size 1024K, 3 young (3072K), 3 survivors (3072K)
 Metaspace       used 47636K, committed 47936K, reserved 1114112K
  class space    used 5593K, committed 5760K, reserved 1048576K
}
Event: 27.630 GC heap before
{Heap before GC invocations=23 (full 0):
 garbage-first heap   total 134144K, used 100970K [0x0000000083200000, 0x0000000100000000)
  region size 1024K, 39 young (39936K), 3 survivors (3072K)
 Metaspace       used 47844K, committed 48192K, reserved 1114112K
  class space    used 5602K, committed 5760K, reserved 1048576K
}
Event: 27.646 GC heap after
{Heap after GC invocations=24 (full 0):
 garbage-first heap   total 134144K, used 70656K [0x0000000083200000, 0x0000000100000000)
  region size 1024K, 5 young (5120K), 5 survivors (5120K)
 Metaspace       used 47844K, committed 48192K, reserved 1114112K
  class space    used 5602K, committed 5760K, reserved 1048576K
}
Event: 27.996 GC heap before
{Heap before GC invocations=24 (full 0):
 garbage-first heap   total 134144K, used 104448K [0x0000000083200000, 0x0000000100000000)
  region size 1024K, 38 young (38912K), 5 survivors (5120K)
 Metaspace       used 48154K, committed 48448K, reserved 1114112K
  class space    used 5638K, committed 5760K, reserved 1048576K
}
Event: 28.006 GC heap after
{Heap after GC invocations=25 (full 0):
 garbage-first heap   total 134144K, used 73114K [0x0000000083200000, 0x0000000100000000)
  region size 1024K, 2 young (2048K), 2 survivors (2048K)
 Metaspace       used 48154K, committed 48448K, reserved 1114112K
  class space    used 5638K, committed 5760K, reserved 1048576K
}
Event: 28.412 GC heap before
{Heap before GC invocations=26 (full 0):
 garbage-first heap   total 134144K, used 105882K [0x0000000083200000, 0x0000000100000000)
  region size 1024K, 34 young (34816K), 2 survivors (2048K)
 Metaspace       used 48604K, committed 48896K, reserved 1114112K
  class space    used 5688K, committed 5824K, reserved 1048576K
}
Event: 28.417 GC heap after
{Heap after GC invocations=27 (full 0):
 garbage-first heap   total 134144K, used 73520K [0x0000000083200000, 0x0000000100000000)
  region size 1024K, 3 young (3072K), 3 survivors (3072K)
 Metaspace       used 48604K, committed 48896K, reserved 1114112K
  class space    used 5688K, committed 5824K, reserved 1048576K
}
Event: 28.449 GC heap before
{Heap before GC invocations=27 (full 0):
 garbage-first heap   total 134144K, used 76592K [0x0000000083200000, 0x0000000100000000)
  region size 1024K, 6 young (6144K), 3 survivors (3072K)
 Metaspace       used 48634K, committed 48896K, reserved 1114112K
  class space    used 5689K, committed 5824K, reserved 1048576K
}
Event: 28.454 GC heap after
{Heap after GC invocations=28 (full 0):
 garbage-first heap   total 134144K, used 73180K [0x0000000083200000, 0x0000000100000000)
  region size 1024K, 1 young (1024K), 1 survivors (1024K)
 Metaspace       used 48634K, committed 48896K, reserved 1114112K
  class space    used 5689K, committed 5824K, reserved 1048576K
}
Event: 29.125 GC heap before
{Heap before GC invocations=28 (full 0):
 garbage-first heap   total 134144K, used 109020K [0x0000000083200000, 0x0000000100000000)
  region size 1024K, 34 young (34816K), 1 survivors (1024K)
 Metaspace       used 49633K, committed 49920K, reserved 1114112K
  class space    used 5783K, committed 5952K, reserved 1048576K
}
Event: 29.129 GC heap after
{Heap after GC invocations=29 (full 0):
 garbage-first heap   total 134144K, used 76198K [0x0000000083200000, 0x0000000100000000)
  region size 1024K, 2 young (2048K), 2 survivors (2048K)
 Metaspace       used 49633K, committed 49920K, reserved 1114112K
  class space    used 5783K, committed 5952K, reserved 1048576K
}
Event: 31.379 GC heap before
{Heap before GC invocations=30 (full 0):
 garbage-first heap   total 135168K, used 109990K [0x0000000083200000, 0x0000000100000000)
  region size 1024K, 34 young (34816K), 2 survivors (2048K)
 Metaspace       used 52340K, committed 52672K, reserved 1114112K
  class space    used 6035K, committed 6208K, reserved 1048576K
}
Event: 31.390 GC heap after
{Heap after GC invocations=31 (full 0):
 garbage-first heap   total 135168K, used 80317K [0x0000000083200000, 0x0000000100000000)
  region size 1024K, 5 young (5120K), 5 survivors (5120K)
 Metaspace       used 52340K, committed 52672K, reserved 1114112K
  class space    used 6035K, committed 6208K, reserved 1048576K
}
Event: 31.394 GC heap before
{Heap before GC invocations=31 (full 0):
 garbage-first heap   total 135168K, used 81341K [0x0000000083200000, 0x0000000100000000)
  region size 1024K, 6 young (6144K), 5 survivors (5120K)
 Metaspace       used 52340K, committed 52672K, reserved 1114112K
  class space    used 6035K, committed 6208K, reserved 1048576K
}
Event: 31.402 GC heap after
{Heap after GC invocations=32 (full 0):
 garbage-first heap   total 135168K, used 80071K [0x0000000083200000, 0x0000000100000000)
  region size 1024K, 1 young (1024K), 1 survivors (1024K)
 Metaspace       used 52340K, committed 52672K, reserved 1114112K
  class space    used 6035K, committed 6208K, reserved 1048576K
}
Event: 33.570 GC heap before
{Heap before GC invocations=32 (full 0):
 garbage-first heap   total 135168K, used 109767K [0x0000000083200000, 0x0000000100000000)
  region size 1024K, 30 young (30720K), 1 survivors (1024K)
 Metaspace       used 53800K, committed 54144K, reserved 1114112K
  class space    used 6123K, committed 6272K, reserved 1048576K
}
Event: 33.579 GC heap after
{Heap after GC invocations=33 (full 0):
 garbage-first heap   total 334848K, used 82707K [0x0000000083200000, 0x0000000100000000)
  region size 1024K, 4 young (4096K), 4 survivors (4096K)
 Metaspace       used 53800K, committed 54144K, reserved 1114112K
  class space    used 6123K, committed 6272K, reserved 1048576K
}

