# JRE version: Java(TM) SE Runtime Environment (17.0.10+11) (build 17.0.10+11-LTS-240)
# Java VM: Java HotSpot(TM) 64-Bit Server VM (17.0.10+11-LTS-240, mixed mode, sharing, tiered, compressed oops, compressed class ptrs, g1 gc, windows-amd64)
GC Precious Log:
 CPUs: 8 total, 8 available
 Memory: 7987M
 Large Page Support: Disabled
 NUMA Support: Disabled
 Compressed Oops: Enabled (32-bit)
 Heap Region Size: 1M
 Heap Min Capacity: 8M
 Heap Initial Capacity: 126M
 Heap Max Capacity: 2G
 Pre-touch: Disabled
 Parallel Workers: 8
 Concurrent Workers: 2
 Concurrent Refinement Workers: 8
 Periodic GC: Disabled
Heap:
 garbage-first heap   total 146432K, used 116782K [0x0000000080000000, 0x0000000100000000)
  region size 1024K, 6 young (6144K), 2 survivors (2048K)
 Metaspace       used 78249K, committed 79168K, reserved 557056K
  class space    used 10888K, committed 11328K, reserved 425984K
GC Heap History (20 events):
Event: 53.955 GC heap before
{Heap before GC invocations=41 (full 0):
 garbage-first heap   total 121856K, used 101095K [0x0000000080000000, 0x0000000100000000)
  region size 1024K, 16 young (16384K), 3 survivors (3072K)
 Metaspace       used 71550K, committed 72448K, reserved 491520K
  class space    used 10093K, committed 10496K, reserved 425984K
}
Event: 53.960 GC heap after
{Heap after GC invocations=42 (full 0):
 garbage-first heap   total 121856K, used 89074K [0x0000000080000000, 0x0000000100000000)
  region size 1024K, 2 young (2048K), 2 survivors (2048K)
 Metaspace       used 71550K, committed 72448K, reserved 491520K
  class space    used 10093K, committed 10496K, reserved 425984K
}
Event: 54.148 GC heap before
{Heap before GC invocations=42 (full 0):
 garbage-first heap   total 121856K, used 102386K [0x0000000080000000, 0x0000000100000000)
  region size 1024K, 16 young (16384K), 2 survivors (2048K)
 Metaspace       used 71550K, committed 72448K, reserved 491520K
  class space    used 10093K, committed 10496K, reserved 425984K
}
Event: 54.153 GC heap after
{Heap after GC invocations=43 (full 0):
 garbage-first heap   total 121856K, used 89636K [0x0000000080000000, 0x0000000100000000)
  region size 1024K, 2 young (2048K), 2 survivors (2048K)
 Metaspace       used 71550K, committed 72448K, reserved 491520K
  class space    used 10093K, committed 10496K, reserved 425984K
}
Event: 54.353 GC heap before
{Heap before GC invocations=43 (full 0):
 garbage-first heap   total 121856K, used 101924K [0x0000000080000000, 0x0000000100000000)
  region size 1024K, 15 young (15360K), 2 survivors (2048K)
 Metaspace       used 71552K, committed 72448K, reserved 491520K
  class space    used 10093K, committed 10496K, reserved 425984K
}
Event: 54.360 GC heap after
{Heap after GC invocations=44 (full 0):
 garbage-first heap   total 146432K, used 90351K [0x0000000080000000, 0x0000000100000000)
  region size 1024K, 2 young (2048K), 2 survivors (2048K)
 Metaspace       used 71552K, committed 72448K, reserved 491520K
  class space    used 10093K, committed 10496K, reserved 425984K
}
Event: 55.335 GC heap before
{Heap before GC invocations=44 (full 0):
 garbage-first heap   total 146432K, used 120047K [0x0000000080000000, 0x0000000100000000)
  region size 1024K, 32 young (32768K), 2 survivors (2048K)
 Metaspace       used 71553K, committed 72448K, reserved 491520K
  class space    used 10093K, committed 10496K, reserved 425984K
}
Event: 55.339 GC heap after
{Heap after GC invocations=45 (full 0):
 garbage-first heap   total 146432K, used 91426K [0x0000000080000000, 0x0000000100000000)
  region size 1024K, 4 young (4096K), 4 survivors (4096K)
 Metaspace       used 71553K, committed 72448K, reserved 491520K
  class space    used 10093K, committed 10496K, reserved 425984K
}
Event: 58.248 GC heap before
{Heap before GC invocations=45 (full 0):
 garbage-first heap   total 146432K, used 126242K [0x0000000080000000, 0x0000000100000000)
  region size 1024K, 33 young (33792K), 4 survivors (4096K)
 Metaspace       used 72138K, committed 72960K, reserved 491520K
  class space    used 10182K, committed 10560K, reserved 425984K
}
Event: 58.260 GC heap after
{Heap after GC invocations=46 (full 0):
 garbage-first heap   total 146432K, used 102088K [0x0000000080000000, 0x0000000100000000)
  region size 1024K, 5 young (5120K), 5 survivors (5120K)
 Metaspace       used 72138K, committed 72960K, reserved 491520K
  class space    used 10182K, committed 10560K, reserved 425984K
}
Event: 59.105 GC heap before
{Heap before GC invocations=46 (full 0):
 garbage-first heap   total 146432K, used 119496K [0x0000000080000000, 0x0000000100000000)
  region size 1024K, 22 young (22528K), 5 survivors (5120K)
 Metaspace       used 73242K, committed 74176K, reserved 491520K
  class space    used 10302K, committed 10752K, reserved 425984K
}
Event: 59.109 GC heap after
{Heap after GC invocations=47 (full 0):
 garbage-first heap   total 146432K, used 104572K [0x0000000080000000, 0x0000000100000000)
  region size 1024K, 2 young (2048K), 2 survivors (2048K)
 Metaspace       used 73242K, committed 74176K, reserved 491520K
  class space    used 10302K, committed 10752K, reserved 425984K
}
Event: 60.277 GC heap before
{Heap before GC invocations=47 (full 0):
 garbage-first heap   total 146432K, used 119932K [0x0000000080000000, 0x0000000100000000)
  region size 1024K, 18 young (18432K), 2 survivors (2048K)
 Metaspace       used 74576K, committed 75520K, reserved 491520K
  class space    used 10431K, committed 10880K, reserved 425984K
}
Event: 60.281 GC heap after
{Heap after GC invocations=48 (full 0):
 garbage-first heap   total 146432K, used 104982K [0x0000000080000000, 0x0000000100000000)
  region size 1024K, 2 young (2048K), 2 survivors (2048K)
 Metaspace       used 74576K, committed 75520K, reserved 491520K
  class space    used 10431K, committed 10880K, reserved 425984K
}
Event: 61.069 GC heap before
{Heap before GC invocations=48 (full 0):
 garbage-first heap   total 146432K, used 122390K [0x0000000080000000, 0x0000000100000000)
  region size 1024K, 19 young (19456K), 2 survivors (2048K)
 Metaspace       used 76021K, committed 76864K, reserved 557056K
  class space    used 10603K, committed 11008K, reserved 425984K
}
Event: 61.071 GC heap after
{Heap after GC invocations=49 (full 0):
 garbage-first heap   total 146432K, used 105311K [0x0000000080000000, 0x0000000100000000)
  region size 1024K, 1 young (1024K), 1 survivors (1024K)
 Metaspace       used 76021K, committed 76864K, reserved 557056K
  class space    used 10603K, committed 11008K, reserved 425984K
}
Event: 62.165 GC heap before
{Heap before GC invocations=49 (full 0):
 garbage-first heap   total 146432K, used 128863K [0x0000000080000000, 0x0000000100000000)
  region size 1024K, 20 young (20480K), 1 survivors (1024K)
 Metaspace       used 77677K, committed 78592K, reserved 557056K
  class space    used 10787K, committed 11200K, reserved 425984K
}
Event: 62.172 GC heap after
{Heap after GC invocations=50 (full 0):
 garbage-first heap   total 146432K, used 112995K [0x0000000080000000, 0x0000000100000000)
  region size 1024K, 3 young (3072K), 3 survivors (3072K)
 Metaspace       used 77677K, committed 78592K, reserved 557056K
  class space    used 10787K, committed 11200K, reserved 425984K
}
Event: 62.548 GC heap before
{Heap before GC invocations=50 (full 0):
 garbage-first heap   total 146432K, used 124259K [0x0000000080000000, 0x0000000100000000)
  region size 1024K, 13 young (13312K), 3 survivors (3072K)
 Metaspace       used 78024K, committed 78912K, reserved 557056K
  class space    used 10858K, committed 11264K, reserved 425984K
}
Event: 62.554 GC heap after
{Heap after GC invocations=51 (full 0):
 garbage-first heap   total 146432K, used 113710K [0x0000000080000000, 0x0000000100000000)
  region size 1024K, 2 young (2048K), 2 survivors (2048K)
 Metaspace       used 78024K, committed 78912K, reserved 557056K
  class space    used 10858K, committed 11264K, reserved 425984K
}

