# JRE version: Java(TM) SE Runtime Environment (17.0.10+11) (build 17.0.10+11-LTS-240)
# Java VM: Java HotSpot(TM) 64-Bit Server VM (17.0.10+11-LTS-240, mixed mode, sharing, tiered, compressed oops, compressed class ptrs, g1 gc, windows-amd64)
GC Precious Log:
 CPUs: 8 total, 8 available
 Memory: 7987M
 Large Page Support: Disabled
 NUMA Support: Disabled
 Compressed Oops: Enabled (32-bit)
 Heap Region Size: 1M
 Heap Min Capacity: 8M
 Heap Initial Capacity: 126M
 Heap Max Capacity: 1998M
 Pre-touch: Disabled
 Parallel Workers: 8
 Concurrent Workers: 2
 Concurrent Refinement Workers: 8
 Periodic GC: Disabled
Heap:
 garbage-first heap   total 219136K, used 60870K [0x0000000083200000, 0x0000000100000000)
  region size 1024K, 3 young (3072K), 2 survivors (2048K)
 Metaspace       used 69034K, committed 69376K, reserved 1114112K
  class space    used 7759K, committed 7936K, reserved 1048576K
GC Heap History (20 events):
Event: 7.925 GC heap before
{Heap before GC invocations=10 (full 0):
 garbage-first heap   total 91136K, used 67996K [0x0000000083200000, 0x0000000100000000)
  region size 1024K, 42 young (43008K), 2 survivors (2048K)
 Metaspace       used 42106K, committed 42432K, reserved 1114112K
  class space    used 5286K, committed 5440K, reserved 1048576K
}
Event: 7.938 GC heap after
{Heap after GC invocations=11 (full 0):
 garbage-first heap   total 91136K, used 30305K [0x0000000083200000, 0x0000000100000000)
  region size 1024K, 6 young (6144K), 6 survivors (6144K)
 Metaspace       used 42106K, committed 42432K, reserved 1114112K
  class space    used 5286K, committed 5440K, reserved 1048576K
}
Event: 9.257 GC heap before
{Heap before GC invocations=11 (full 0):
 garbage-first heap   total 91136K, used 69217K [0x0000000083200000, 0x0000000100000000)
  region size 1024K, 44 young (45056K), 6 survivors (6144K)
 Metaspace       used 45756K, committed 46080K, reserved 1114112K
  class space    used 5598K, committed 5760K, reserved 1048576K
}
Event: 9.283 GC heap after
{Heap after GC invocations=12 (full 0):
 garbage-first heap   total 91136K, used 36541K [0x0000000083200000, 0x0000000100000000)
  region size 1024K, 6 young (6144K), 6 survivors (6144K)
 Metaspace       used 45756K, committed 46080K, reserved 1114112K
  class space    used 5598K, committed 5760K, reserved 1048576K
}
Event: 10.371 GC heap before
{Heap before GC invocations=12 (full 0):
 garbage-first heap   total 91136K, used 68285K [0x0000000083200000, 0x0000000100000000)
  region size 1024K, 37 young (37888K), 6 survivors (6144K)
 Metaspace       used 46272K, committed 46528K, reserved 1114112K
  class space    used 5639K, committed 5760K, reserved 1048576K
}
Event: 10.396 GC heap after
{Heap after GC invocations=13 (full 0):
 garbage-first heap   total 91136K, used 42391K [0x0000000083200000, 0x0000000100000000)
  region size 1024K, 5 young (5120K), 5 survivors (5120K)
 Metaspace       used 46272K, committed 46528K, reserved 1114112K
  class space    used 5639K, committed 5760K, reserved 1048576K
}
Event: 11.328 GC heap before
{Heap before GC invocations=13 (full 0):
 garbage-first heap   total 91136K, used 69015K [0x0000000083200000, 0x0000000100000000)
  region size 1024K, 31 young (31744K), 5 survivors (5120K)
 Metaspace       used 48125K, committed 48384K, reserved 1114112K
  class space    used 5824K, committed 5952K, reserved 1048576K
}
Event: 11.368 GC heap after
{Heap after GC invocations=14 (full 0):
 garbage-first heap   total 109568K, used 46080K [0x0000000083200000, 0x0000000100000000)
  region size 1024K, 3 young (3072K), 3 survivors (3072K)
 Metaspace       used 48125K, committed 48384K, reserved 1114112K
  class space    used 5824K, committed 5952K, reserved 1048576K
}
Event: 14.335 GC heap before
{Heap before GC invocations=14 (full 0):
 garbage-first heap   total 109568K, used 83968K [0x0000000083200000, 0x0000000100000000)
  region size 1024K, 40 young (40960K), 3 survivors (3072K)
 Metaspace       used 51995K, committed 52352K, reserved 1114112K
  class space    used 6112K, committed 6272K, reserved 1048576K
}
Event: 14.359 GC heap after
{Heap after GC invocations=15 (full 0):
 garbage-first heap   total 109568K, used 49989K [0x0000000083200000, 0x0000000100000000)
  region size 1024K, 5 young (5120K), 5 survivors (5120K)
 Metaspace       used 51995K, committed 52352K, reserved 1114112K
  class space    used 6112K, committed 6272K, reserved 1048576K
}
Event: 15.866 GC heap before
{Heap before GC invocations=15 (full 0):
 garbage-first heap   total 109568K, used 84805K [0x0000000083200000, 0x0000000100000000)
  region size 1024K, 38 young (38912K), 5 survivors (5120K)
 Metaspace       used 53496K, committed 53760K, reserved 1114112K
  class space    used 6222K, committed 6336K, reserved 1048576K
}
Event: 15.889 GC heap after
{Heap after GC invocations=16 (full 0):
 garbage-first heap   total 109568K, used 53478K [0x0000000083200000, 0x0000000100000000)
  region size 1024K, 4 young (4096K), 4 survivors (4096K)
 Metaspace       used 53496K, committed 53760K, reserved 1114112K
  class space    used 6222K, committed 6336K, reserved 1048576K
}
Event: 16.920 GC heap before
{Heap before GC invocations=16 (full 0):
 garbage-first heap   total 109568K, used 86246K [0x0000000083200000, 0x0000000100000000)
  region size 1024K, 36 young (36864K), 4 survivors (4096K)
 Metaspace       used 59498K, committed 59840K, reserved 1114112K
  class space    used 6816K, committed 6976K, reserved 1048576K
}
Event: 16.934 GC heap after
{Heap after GC invocations=17 (full 0):
 garbage-first heap   total 109568K, used 55614K [0x0000000083200000, 0x0000000100000000)
  region size 1024K, 3 young (3072K), 3 survivors (3072K)
 Metaspace       used 59498K, committed 59840K, reserved 1114112K
  class space    used 6816K, committed 6976K, reserved 1048576K
}
Event: 18.166 GC heap before
{Heap before GC invocations=18 (full 0):
 garbage-first heap   total 109568K, used 87358K [0x0000000083200000, 0x0000000100000000)
  region size 1024K, 34 young (34816K), 3 survivors (3072K)
 Metaspace       used 63408K, committed 63744K, reserved 1114112K
  class space    used 7196K, committed 7360K, reserved 1048576K
}
Event: 18.189 GC heap after
{Heap after GC invocations=19 (full 0):
 garbage-first heap   total 109568K, used 59702K [0x0000000083200000, 0x0000000100000000)
  region size 1024K, 5 young (5120K), 5 survivors (5120K)
 Metaspace       used 63408K, committed 63744K, reserved 1114112K
  class space    used 7196K, committed 7360K, reserved 1048576K
}
Event: 18.207 GC heap before
{Heap before GC invocations=19 (full 0):
 garbage-first heap   total 109568K, used 60726K [0x0000000083200000, 0x0000000100000000)
  region size 1024K, 6 young (6144K), 5 survivors (5120K)
 Metaspace       used 63417K, committed 63744K, reserved 1114112K
  class space    used 7196K, committed 7360K, reserved 1048576K
}
Event: 18.220 GC heap after
{Heap after GC invocations=20 (full 0):
 garbage-first heap   total 109568K, used 60084K [0x0000000083200000, 0x0000000100000000)
  region size 1024K, 1 young (1024K), 1 survivors (1024K)
 Metaspace       used 63417K, committed 63744K, reserved 1114112K
  class space    used 7196K, committed 7360K, reserved 1048576K
}
Event: 19.226 GC heap before
{Heap before GC invocations=20 (full 0):
 garbage-first heap   total 109568K, used 87732K [0x0000000083200000, 0x0000000100000000)
  region size 1024K, 28 young (28672K), 1 survivors (1024K)
 Metaspace       used 69027K, committed 69376K, reserved 1114112K
  class space    used 7759K, committed 7936K, reserved 1048576K
}
Event: 19.235 GC heap after
{Heap after GC invocations=21 (full 0):
 garbage-first heap   total 219136K, used 60870K [0x0000000083200000, 0x0000000100000000)
  region size 1024K, 2 young (2048K), 2 survivors (2048K)
 Metaspace       used 69027K, committed 69376K, reserved 1114112K
  class space    used 7759K, committed 7936K, reserved 1048576K
}

