# JRE version: Java(TM) SE Runtime Environment (17.0.10+11) (build 17.0.10+11-LTS-240)
# Java VM: Java HotSpot(TM) 64-Bit Server VM (17.0.10+11-LTS-240, mixed mode, sharing, tiered, compressed oops, compressed class ptrs, g1 gc, windows-amd64)
GC Precious Log:
 CPUs: 8 total, 8 available
 Memory: 7987M
 Large Page Support: Disabled
 NUMA Support: Disabled
 Compressed Oops: Enabled (32-bit)
 Heap Region Size: 1M
 Heap Min Capacity: 8M
 Heap Initial Capacity: 126M
 Heap Max Capacity: 2G
 Pre-touch: Disabled
 Parallel Workers: 8
 Concurrent Workers: 2
 Concurrent Refinement Workers: 8
 Periodic GC: Disabled
Heap:
 garbage-first heap   total 377856K, used 290881K [0x0000000080000000, 0x0000000100000000)
  region size 1024K, 30 young (30720K), 4 survivors (4096K)
 Metaspace       used 150423K, committed 152128K, reserved 622592K
  class space    used 20259K, committed 21056K, reserved 425984K
GC Heap History (20 events):
Event: 275.206 GC heap before
{Heap before GC invocations=72 (full 0):
 garbage-first heap   total 377856K, used 311703K [0x0000000080000000, 0x0000000100000000)
  region size 1024K, 100 young (102400K), 15 survivors (15360K)
 Metaspace       used 118313K, committed 119936K, reserved 557056K
  class space    used 16033K, committed 16768K, reserved 425984K
}
Event: 275.224 GC heap after
{Heap after GC invocations=73 (full 0):
 garbage-first heap   total 377856K, used 236629K [0x0000000080000000, 0x0000000100000000)
  region size 1024K, 10 young (10240K), 10 survivors (10240K)
 Metaspace       used 118313K, committed 119936K, reserved 557056K
  class space    used 16033K, committed 16768K, reserved 425984K
}
Event: 275.973 GC heap before
{Heap before GC invocations=73 (full 0):
 garbage-first heap   total 377856K, used 315477K [0x0000000080000000, 0x0000000100000000)
  region size 1024K, 88 young (90112K), 10 survivors (10240K)
 Metaspace       used 120433K, committed 121984K, reserved 557056K
  class space    used 16273K, committed 17024K, reserved 425984K
}
Event: 275.978 GC heap after
{Heap after GC invocations=74 (full 0):
 garbage-first heap   total 377856K, used 234179K [0x0000000080000000, 0x0000000100000000)
  region size 1024K, 3 young (3072K), 3 survivors (3072K)
 Metaspace       used 120433K, committed 121984K, reserved 557056K
  class space    used 16273K, committed 17024K, reserved 425984K
}
Event: 277.945 GC heap before
{Heap before GC invocations=74 (full 0):
 garbage-first heap   total 377856K, used 317123K [0x0000000080000000, 0x0000000100000000)
  region size 1024K, 85 young (87040K), 3 survivors (3072K)
 Metaspace       used 121532K, committed 123136K, reserved 557056K
  class space    used 16382K, committed 17152K, reserved 425984K
}
Event: 277.952 GC heap after
{Heap after GC invocations=75 (full 0):
 garbage-first heap   total 377856K, used 237840K [0x0000000080000000, 0x0000000100000000)
  region size 1024K, 7 young (7168K), 7 survivors (7168K)
 Metaspace       used 121532K, committed 123136K, reserved 557056K
  class space    used 16382K, committed 17152K, reserved 425984K
}
Event: 279.408 GC heap before
{Heap before GC invocations=75 (full 0):
 garbage-first heap   total 377856K, used 318736K [0x0000000080000000, 0x0000000100000000)
  region size 1024K, 87 young (89088K), 7 survivors (7168K)
 Metaspace       used 124300K, committed 125952K, reserved 557056K
  class space    used 16740K, committed 17536K, reserved 425984K
}
Event: 279.417 GC heap after
{Heap after GC invocations=76 (full 0):
 garbage-first heap   total 377856K, used 242569K [0x0000000080000000, 0x0000000100000000)
  region size 1024K, 11 young (11264K), 11 survivors (11264K)
 Metaspace       used 124300K, committed 125952K, reserved 557056K
  class space    used 16740K, committed 17536K, reserved 425984K
}
Event: 282.921 GC heap before
{Heap before GC invocations=76 (full 0):
 garbage-first heap   total 377856K, used 325513K [0x0000000080000000, 0x0000000100000000)
  region size 1024K, 87 young (89088K), 11 survivors (11264K)
 Metaspace       used 132843K, committed 134528K, reserved 557056K
  class space    used 17823K, committed 18624K, reserved 425984K
}
Event: 282.941 GC heap after
{Heap after GC invocations=77 (full 0):
 garbage-first heap   total 377856K, used 254961K [0x0000000080000000, 0x0000000100000000)
  region size 1024K, 11 young (11264K), 11 survivors (11264K)
 Metaspace       used 132843K, committed 134528K, reserved 557056K
  class space    used 17823K, committed 18624K, reserved 425984K
}
Event: 286.511 GC heap before
{Heap before GC invocations=77 (full 0):
 garbage-first heap   total 377856K, used 318449K [0x0000000080000000, 0x0000000100000000)
  region size 1024K, 74 young (75776K), 11 survivors (11264K)
 Metaspace       used 135346K, committed 137088K, reserved 557056K
  class space    used 18125K, committed 18944K, reserved 425984K
}
Event: 286.525 GC heap after
{Heap after GC invocations=78 (full 0):
 garbage-first heap   total 377856K, used 258046K [0x0000000080000000, 0x0000000100000000)
  region size 1024K, 10 young (10240K), 10 survivors (10240K)
 Metaspace       used 135346K, committed 137088K, reserved 557056K
  class space    used 18125K, committed 18944K, reserved 425984K
}
Event: 290.542 GC heap before
{Heap before GC invocations=78 (full 0):
 garbage-first heap   total 377856K, used 316414K [0x0000000080000000, 0x0000000100000000)
  region size 1024K, 68 young (69632K), 10 survivors (10240K)
 Metaspace       used 136088K, committed 137792K, reserved 557056K
  class space    used 18220K, committed 19008K, reserved 425984K
}
Event: 290.558 GC heap after
{Heap after GC invocations=79 (full 0):
 garbage-first heap   total 377856K, used 261413K [0x0000000080000000, 0x0000000100000000)
  region size 1024K, 9 young (9216K), 9 survivors (9216K)
 Metaspace       used 136088K, committed 137792K, reserved 557056K
  class space    used 18220K, committed 19008K, reserved 425984K
}
Event: 293.019 GC heap before
{Heap before GC invocations=79 (full 0):
 garbage-first heap   total 377856K, used 315685K [0x0000000080000000, 0x0000000100000000)
  region size 1024K, 63 young (64512K), 9 survivors (9216K)
 Metaspace       used 137831K, committed 139520K, reserved 557056K
  class space    used 18472K, committed 19264K, reserved 425984K
}
Event: 293.033 GC heap after
{Heap after GC invocations=80 (full 0):
 garbage-first heap   total 377856K, used 263793K [0x0000000080000000, 0x0000000100000000)
  region size 1024K, 5 young (5120K), 5 survivors (5120K)
 Metaspace       used 137831K, committed 139520K, reserved 557056K
  class space    used 18472K, committed 19264K, reserved 425984K
}
Event: 295.816 GC heap before
{Heap before GC invocations=80 (full 0):
 garbage-first heap   total 377856K, used 319089K [0x0000000080000000, 0x0000000100000000)
  region size 1024K, 60 young (61440K), 5 survivors (5120K)
 Metaspace       used 142429K, committed 144192K, reserved 557056K
  class space    used 19132K, committed 19968K, reserved 425984K
}
Event: 295.825 GC heap after
{Heap after GC invocations=81 (full 0):
 garbage-first heap   total 377856K, used 264658K [0x0000000080000000, 0x0000000100000000)
  region size 1024K, 2 young (2048K), 2 survivors (2048K)
 Metaspace       used 142429K, committed 144192K, reserved 557056K
  class space    used 19132K, committed 19968K, reserved 425984K
}
Event: 296.746 GC heap before
{Heap before GC invocations=81 (full 0):
 garbage-first heap   total 377856K, used 322002K [0x0000000080000000, 0x0000000100000000)
  region size 1024K, 59 young (60416K), 2 survivors (2048K)
 Metaspace       used 147612K, committed 149376K, reserved 557056K
  class space    used 19803K, committed 20608K, reserved 425984K
}
Event: 296.751 GC heap after
{Heap after GC invocations=82 (full 0):
 garbage-first heap   total 377856K, used 266305K [0x0000000080000000, 0x0000000100000000)
  region size 1024K, 4 young (4096K), 4 survivors (4096K)
 Metaspace       used 147612K, committed 149376K, reserved 557056K
  class space    used 19803K, committed 20608K, reserved 425984K
}

